Arguments: 
  /usr/local/bin/node /usr/local/bin/yarn init

PATH: 
  /Users/alex/.pyenv/bin:/usr/local/opt/libpq/bin:/Library/Frameworks/Python.framework/Versions/3.10/bin:/opt/homebrew/bin:/opt/homebrew/sbin:/usr/local/bin:/usr/bin:/bin:/usr/sbin:/sbin:/Users/alex/.fig/bin

Yarn version: 
  1.22.17

Node version: 
  14.18.1

Platform: 
  darwin x64

Trace: 
  Error: canceled
      at Interface.<anonymous> (/usr/local/lib/node_modules/yarn/lib/cli.js:137143:13)
      at Interface.emit (events.js:400:28)
      at Interface._ttyWrite (readline.js:1001:16)
      at ReadStream.onkeypress (readline.js:265:10)
      at ReadStream.emit (events.js:400:28)
      at emitKeys (internal/readline/utils.js:358:14)
      at emitKeys.next (<anonymous>)
      at ReadStream.onData (readline.js:1270:36)
      at ReadStream.emit (events.js:400:28)
      at addChunk (internal/streams/readable.js:293:12)

npm manifest: 
  {
    "name": "website",
    "version": "1.0.0",
    "description": "",
    "engines": {
      "node": "12.16.2"
    },
    "main": "server.js",
    "scripts": {
      "start": "nodemon server.js",
      "build": "cd frontend && yarn install && yarn run build",
      "heroku-postbuild": "cd frontend && yarn install && yarn run build",
      "dev": "nodemon server.js"
    },
    "repository": {
      "type": "git",
      "url": "git+https://github.com/AlexCyphus/personal-website.git"
    },
    "author": "",
    "license": "ISC",
    "bugs": {
      "url": "https://github.com/AlexCyphus/personal-website/issues"
    },
    "homepage": "https://alexcyphus.herokuapp.com",
    "dependencies": {
      "body-parser": "^1.19.0",
      "cors": "^2.8.5",
      "dotenv": "^16.0.0",
      "express": "^4.17.1",
      "mongoose": "^5.12.7",
      "nodemon": "^2.0.7"
    }
  }

yarn manifest: 
  No manifest

Lockfile: 
  No lockfile
